Determining if the pthread_create exist failed with the following output:
Change Dir: /home/expert/Documents/Ros/assignment/workspace/Gazebo-World-Project/Assignment_one/script/build/CMakeFiles/CMakeTmp

Run Build Command:"/usr/bin/make" "cmTC_f4cde/fast"
/usr/bin/make -f CMakeFiles/cmTC_f4cde.dir/build.make CMakeFiles/cmTC_f4cde.dir/build
make[1]: Entering directory '/home/expert/Documents/Ros/assignment/workspace/Gazebo-World-Project/Assignment_one/script/build/CMakeFiles/CMakeTmp'
Building C object CMakeFiles/cmTC_f4cde.dir/CheckSymbolExists.c.o
/usr/bin/cc    -o CMakeFiles/cmTC_f4cde.dir/CheckSymbolExists.c.o   -c /home/expert/Documents/Ros/assignment/workspace/Gazebo-World-Project/Assignment_one/script/build/CMakeFiles/CMakeTmp/CheckSymbolExists.c
Linking C executable cmTC_f4cde
/usr/bin/cmake -E cmake_link_script CMakeFiles/cmTC_f4cde.dir/link.txt --verbose=1
/usr/bin/cc      -rdynamic CMakeFiles/cmTC_f4cde.dir/CheckSymbolExists.c.o  -o cmTC_f4cde 
CMakeFiles/cmTC_f4cde.dir/CheckSymbolExists.c.o: In function `main':
CheckSymbolExists.c:(.text+0x1b): undefined reference to `pthread_create'
collect2: error: ld returned 1 exit status
CMakeFiles/cmTC_f4cde.dir/build.make:97: recipe for target 'cmTC_f4cde' failed
make[1]: *** [cmTC_f4cde] Error 1
make[1]: Leaving directory '/home/expert/Documents/Ros/assignment/workspace/Gazebo-World-Project/Assignment_one/script/build/CMakeFiles/CMakeTmp'
Makefile:126: recipe for target 'cmTC_f4cde/fast' failed
make: *** [cmTC_f4cde/fast] Error 2

File /home/expert/Documents/Ros/assignment/workspace/Gazebo-World-Project/Assignment_one/script/build/CMakeFiles/CMakeTmp/CheckSymbolExists.c:
/* */
#include <pthread.h>

int main(int argc, char** argv)
{
  (void)argv;
#ifndef pthread_create
  return ((int*)(&pthread_create))[argc];
#else
  (void)argc;
  return 0;
#endif
}

Determining if the function pthread_create exists in the pthreads failed with the following output:
Change Dir: /home/expert/Documents/Ros/assignment/workspace/Gazebo-World-Project/Assignment_one/script/build/CMakeFiles/CMakeTmp

Run Build Command:"/usr/bin/make" "cmTC_aef45/fast"
/usr/bin/make -f CMakeFiles/cmTC_aef45.dir/build.make CMakeFiles/cmTC_aef45.dir/build
make[1]: Entering directory '/home/expert/Documents/Ros/assignment/workspace/Gazebo-World-Project/Assignment_one/script/build/CMakeFiles/CMakeTmp'
Building C object CMakeFiles/cmTC_aef45.dir/CheckFunctionExists.c.o
/usr/bin/cc   -DCHECK_FUNCTION_EXISTS=pthread_create   -o CMakeFiles/cmTC_aef45.dir/CheckFunctionExists.c.o   -c /usr/share/cmake-3.10/Modules/CheckFunctionExists.c
Linking C executable cmTC_aef45
/usr/bin/cmake -E cmake_link_script CMakeFiles/cmTC_aef45.dir/link.txt --verbose=1
/usr/bin/cc  -DCHECK_FUNCTION_EXISTS=pthread_create    -rdynamic CMakeFiles/cmTC_aef45.dir/CheckFunctionExists.c.o  -o cmTC_aef45 -lpthreads 
/usr/bin/ld: cannot find -lpthreads
collect2: error: ld returned 1 exit status
CMakeFiles/cmTC_aef45.dir/build.make:97: recipe for target 'cmTC_aef45' failed
make[1]: *** [cmTC_aef45] Error 1
make[1]: Leaving directory '/home/expert/Documents/Ros/assignment/workspace/Gazebo-World-Project/Assignment_one/script/build/CMakeFiles/CMakeTmp'
Makefile:126: recipe for target 'cmTC_aef45/fast' failed
make: *** [cmTC_aef45/fast] Error 2


